The target system is: Generic - 3.2.99 - arm
The host system is: Linux - 5.15.0-53-generic - x86_64
Compiling the C compiler identification source file "CMakeCCompilerId.c" succeeded.
Compiler: /home/tatiana/zephyr-sdk-0.15.1/arm-zephyr-eabi/bin/arm-zephyr-eabi-gcc 
Build flags: 
Id flags: -c 

The output was:
0


Compilation of the C compiler identification source "CMakeCCompilerId.c" produced "CMakeCCompilerId.o"

The C compiler identification is GNU, found in "/home/tatiana/projects/zephyros-rp2040-example3/servo_motor/build/CMakeFiles/3.22.1/CompilerIdC/CMakeCCompilerId.o"

Compiling the CXX compiler identification source file "CMakeCXXCompilerId.cpp" succeeded.
Compiler: /home/tatiana/zephyr-sdk-0.15.1/arm-zephyr-eabi/bin/arm-zephyr-eabi-g++ 
Build flags: 
Id flags: -c 

The output was:
0


Compilation of the CXX compiler identification source "CMakeCXXCompilerId.cpp" produced "CMakeCXXCompilerId.o"

The CXX compiler identification is GNU, found in "/home/tatiana/projects/zephyros-rp2040-example3/servo_motor/build/CMakeFiles/3.22.1/CompilerIdCXX/CMakeCXXCompilerId.o"

Checking whether the ASM compiler is GNU using "--version" matched "(GNU assembler)|(GCC)|(Free Software Foundation)":
arm-zephyr-eabi-gcc (Zephyr SDK 0.15.1) 12.1.0
Copyright (C) 2022 Free Software Foundation, Inc.
This is free software; see the source for copying conditions.  There is NO
warranty; not even for MERCHANTABILITY or FITNESS FOR A PARTICULAR PURPOSE.

Performing C SOURCE FILE Test check_fmacro_prefix_map__home_tatiana_projects_zephyros_rp2040_example3_servo_motor_CMAKE_SOURCE_DIR_C__nostartfiles__nostdlib__isystem___home_tatiana_zephyr_sdk_0_15_1_arm_zephyr_eabi_bin____lib_gcc_arm_zephyr_eabi_12_1_0_include___isystem___home_tatiana_zephyr_sdk_0_15_1_arm_zephyr_eabi_bin____lib_gcc_arm_zephyr_eabi_12_1_0_include_fixed___Wl___unresolved_symbols_ignore_in_object_files__Wl___entry_0 succeeded with the following output:
Change Dir: /home/tatiana/projects/zephyros-rp2040-example3/servo_motor/build/CMakeFiles/CMakeTmp

Run Build Command(s):/usr/bin/ninja cmTC_02d04 && [1/2] Building C object CMakeFiles/cmTC_02d04.dir/src.c.obj
[2/2] Linking C executable cmTC_02d04


Source file was:
int main(void) { return 0; }
